c:\users\icefox\dropbox\graphics\proj\release\vc140.pdb
c:\users\icefox\dropbox\graphics\proj\release\wavesystem2d.obj
c:\users\icefox\dropbox\graphics\proj\release\main.obj
c:\users\icefox\dropbox\graphics\proj - copy (5) - copy\release\vc140.pdb
c:\users\icefox\dropbox\graphics\proj - copy (5) - copy\release\wavesystem2d.obj
c:\users\icefox\dropbox\graphics\proj - copy (5) - copy\release\wall.obj
c:\users\icefox\dropbox\graphics\proj - copy (5) - copy\release\vector4f.obj
c:\users\icefox\dropbox\graphics\proj - copy (5) - copy\release\vector3f.obj
c:\users\icefox\dropbox\graphics\proj - copy (5) - copy\release\vector2f.obj
c:\users\icefox\dropbox\graphics\proj - copy (5) - copy\release\quat4f.obj
c:\users\icefox\dropbox\graphics\proj - copy (5) - copy\release\matrix4f.obj
c:\users\icefox\dropbox\graphics\proj - copy (5) - copy\release\matrix3f.obj
c:\users\icefox\dropbox\graphics\proj - copy (5) - copy\release\matrix2f.obj
c:\users\icefox\dropbox\graphics\proj - copy (5) - copy\release\timestepper.obj
c:\users\icefox\dropbox\graphics\proj - copy (5) - copy\release\simplesystem.obj
c:\users\icefox\dropbox\graphics\proj - copy (5) - copy\release\pendulumsystem.obj
c:\users\icefox\dropbox\graphics\proj - copy (5) - copy\release\particlesystem.obj
c:\users\icefox\dropbox\graphics\proj - copy (5) - copy\release\multipleparticlesystem.obj
c:\users\icefox\dropbox\graphics\proj - copy (5) - copy\release\main.obj
c:\users\icefox\dropbox\graphics\proj - copy (5) - copy\release\clothsystem.obj
c:\users\icefox\dropbox\graphics\proj - copy (5) - copy\release\camera.obj
c:\users\icefox\dropbox\graphics\proj - copy (5) - copy\release\boxsystem.obj
c:\users\icefox\dropbox\graphics\proj - copy (5) - copy\release\boxspringsystem.obj
c:\users\icefox\dropbox\graphics\proj\release\a3.exe
c:\users\icefox\dropbox\graphics\proj\release\a3.pdb
c:\users\icefox\dropbox\graphics\proj - copy (5) - copy\release\a3.exe
c:\users\icefox\dropbox\graphics\proj - copy (5) - copy\release\a3.pdb
c:\users\icefox\dropbox\graphics\proj - copy (5) - copy\release\a3.tlog\cl.command.1.tlog
c:\users\icefox\dropbox\graphics\proj - copy (5) - copy\release\a3.tlog\cl.read.1.tlog
c:\users\icefox\dropbox\graphics\proj - copy (5) - copy\release\a3.tlog\cl.write.1.tlog
c:\users\icefox\dropbox\graphics\proj - copy (5) - copy\release\a3.tlog\link.command.1.tlog
c:\users\icefox\dropbox\graphics\proj - copy (5) - copy\release\a3.tlog\link.read.1.tlog
c:\users\icefox\dropbox\graphics\proj - copy (5) - copy\release\a3.tlog\link.write.1.tlog
