C:\Program Files (x86)\MSBuild\Microsoft.Cpp\v4.0\V140\Microsoft.CppBuild.targets(392,5): warning MSB8028: The intermediate directory (Release\) contains files shared from another project (a3.vcxproj).  This can lead to incorrect clean and rebuild behavior.
  main.cpp
c:\users\icefox\desktop\gv\proj backup\wm3\wave model\WaveSystemWall.h(59): warning C4305: 'initializing': truncation from 'double' to 'float'
c:\users\icefox\desktop\gv\proj backup\wm3\wave model\WaveSystemWall.h(60): warning C4305: 'initializing': truncation from 'double' to 'float'
c:\users\icefox\desktop\gv\proj backup\wm3\wave model\WaveSystemRefraction.h(59): warning C4305: 'initializing': truncation from 'double' to 'float'
c:\users\icefox\desktop\gv\proj backup\wm3\wave model\WaveSystemRefraction.h(60): warning C4305: 'initializing': truncation from 'double' to 'float'
c:\users\icefox\desktop\gv\proj backup\wm3\wave model\WaveSystemWallDraw.h(62): warning C4305: 'initializing': truncation from 'double' to 'float'
c:\users\icefox\desktop\gv\proj backup\wm3\wave model\WaveSystemWallDraw.h(63): warning C4305: 'initializing': truncation from 'double' to 'float'
main.cpp(39): warning C4305: 'argument': truncation from 'double' to 'float'
main.cpp(40): warning C4305: 'argument': truncation from 'double' to 'float'
main.cpp(41): warning C4305: 'argument': truncation from 'double' to 'float'
main.cpp(42): warning C4305: 'argument': truncation from 'double' to 'float'
main.cpp(43): warning C4305: 'argument': truncation from 'double' to 'float'
main.cpp(44): warning C4305: 'argument': truncation from 'double' to 'float'
main.cpp(45): warning C4305: 'argument': truncation from 'double' to 'float'
main.cpp(49): warning C4244: 'argument': conversion from 'time_t' to 'unsigned int', possible loss of data
main.cpp(54): warning C4244: '=': conversion from 'double' to 'float', possible loss of data
main.cpp(57): warning C4305: '=': truncation from 'double' to 'float'
LINK : warning LNK4075: ignoring '/INCREMENTAL' due to '/OPT:ICF' specification
  a3.vcxproj -> C:\Users\IceFox\Desktop\GV\PROJ BACKUP\wm3\Wave Model\Release\WaveGen.exe
  a3.vcxproj -> C:\Users\IceFox\Desktop\GV\PROJ BACKUP\wm3\Wave Model\Release\WaveGen.pdb (Full PDB)
