c:\users\icefox\documents\graphics\wave model\release\vc140.pdb
c:\users\icefox\documents\graphics\wave model\release\wavesystemdielectric.obj
c:\users\icefox\documents\graphics\wave model\release\wavesystem2d.obj
c:\users\icefox\documents\graphics\wave model\release\wall.obj
c:\users\icefox\documents\graphics\wave model\release\vector4f.obj
c:\users\icefox\documents\graphics\wave model\release\vector3f.obj
c:\users\icefox\documents\graphics\wave model\release\vector2f.obj
c:\users\icefox\documents\graphics\wave model\release\quat4f.obj
c:\users\icefox\documents\graphics\wave model\release\matrix4f.obj
c:\users\icefox\documents\graphics\wave model\release\matrix3f.obj
c:\users\icefox\documents\graphics\wave model\release\matrix2f.obj
c:\users\icefox\documents\graphics\wave model\release\timestepper.obj
c:\users\icefox\documents\graphics\wave model\release\simplesystem.obj
c:\users\icefox\documents\graphics\wave model\release\pendulumsystem.obj
c:\users\icefox\documents\graphics\wave model\release\particlesystem.obj
c:\users\icefox\documents\graphics\wave model\release\multipleparticlesystem.obj
c:\users\icefox\documents\graphics\wave model\release\main.obj
c:\users\icefox\documents\graphics\wave model\release\clothsystem.obj
c:\users\icefox\documents\graphics\wave model\release\camera.obj
c:\users\icefox\documents\graphics\wave model\release\boxsystem.obj
c:\users\icefox\documents\graphics\wave model\release\boxspringsystem.obj
c:\users\icefox\documents\graphics\wave model\release\wavesystemwall.obj
c:\users\icefox\documents\graphics\wave model\release\wavesystempoint.obj
c:\users\icefox\documents\graphics\wave model\release\wavesystemparallel.obj
c:\users\icefox\documents\graphics\wave model\release\wavegen.exe
c:\users\icefox\documents\graphics\wave model\release\wavegen.pdb
c:\users\icefox\documents\graphics\wave model\release\a3.pdb
c:\users\icefox\documents\graphics\wave model\release\wavegen.tlog\cl.command.1.tlog
c:\users\icefox\documents\graphics\wave model\release\wavegen.tlog\cl.read.1.tlog
c:\users\icefox\documents\graphics\wave model\release\wavegen.tlog\cl.write.1.tlog
c:\users\icefox\documents\graphics\wave model\release\wavegen.tlog\link.command.1.tlog
c:\users\icefox\documents\graphics\wave model\release\wavegen.tlog\link.read.1.tlog
c:\users\icefox\documents\graphics\wave model\release\wavegen.tlog\link.write.1.tlog
